<?xml version="1.0" encoding="UTF-8"?>
<testsuite name="com.example.AppTest" tests="1" skipped="0" failures="0" errors="0" timestamp="2025-06-04T10:54:41" hostname="LAPTOP-7TBPLFR9" time="0.005">
  <properties/>
  <testcase name="testApp" classname="com.example.AppTest" time="0.005"/>
  <system-out><![CDATA[]]></system-out>
  <system-err><![CDATA[]]></system-err>
</testsuite>
